<?xml version="1.0" encoding="UTF-8"?>
<!-- Generated by org.testng.reporters.JUnitXMLReporter -->
<testsuite hostname="DESKTOP-174HOQR" ignored="0" name="ChromeTestResults" tests="5" failures="0" timestamp="2020-11-07T18:04:40 EST" time="165.089" errors="0">
  <testcase name="f" time="48.135" classname="com.testscenarios.Expedia"/>
  <testcase name="f" time="12.494" classname="com.testscenarios.DataProviderSample"/>
  <testcase name="f" time="31.582" classname="com.testscenarios.DataProviderSample"/>
  <testcase name="f" time="31.059" classname="com.testscenarios.DataProviderSample"/>
  <testcase name="f" time="23.231" classname="com.testscenarios.DataProviderSample"/>
</testsuite> <!-- ChromeTestResults -->
