<?xml version="1.0" encoding="UTF-8"?>
<!-- Generated by org.testng.reporters.JUnitXMLReporter -->
<testsuite hostname="DESKTOP-174HOQR" ignored="0" name="EdgeTestResults" tests="5" failures="0" timestamp="2020-11-07T18:09:32 EST" time="163.617" errors="0">
  <testcase name="f" time="40.444" classname="com.testscenarios.Expedia"/>
  <testcase name="f" time="14.889" classname="com.testscenarios.DataProviderSample"/>
  <testcase name="f" time="31.72" classname="com.testscenarios.DataProviderSample"/>
  <testcase name="f" time="28.807" classname="com.testscenarios.DataProviderSample"/>
  <testcase name="f" time="22.402" classname="com.testscenarios.DataProviderSample"/>
</testsuite> <!-- EdgeTestResults -->
