<?xml version="1.0" encoding="UTF-8"?>
<!-- Generated by org.testng.reporters.JUnitXMLReporter -->
<testsuite hostname="DESKTOP-174HOQR" ignored="0" name="FirefoxTestResults" tests="5" failures="0" timestamp="2020-11-07T18:06:48 EST" time="128.053" errors="0">
  <testcase name="f" time="42.443" classname="com.testscenarios.Expedia"/>
  <testcase name="f" time="16.94" classname="com.testscenarios.DataProviderSample"/>
  <testcase name="f" time="14.528" classname="com.testscenarios.DataProviderSample"/>
  <testcase name="f" time="14.309" classname="com.testscenarios.DataProviderSample"/>
  <testcase name="f" time="14.391" classname="com.testscenarios.DataProviderSample"/>
</testsuite> <!-- FirefoxTestResults -->
