<?xml version="1.0" encoding="UTF-8"?>
<testng-results skipped="0" failed="0" ignored="0" total="1" passed="1">
  <reporter-output>
  </reporter-output>
  <suite name="Default suite" duration-ms="87051" started-at="2020-10-19T10:50:11 EDT" finished-at="2020-10-19T10:51:38 EDT">
    <groups>
    </groups>
    <test name="Default test" duration-ms="87051" started-at="2020-10-19T10:50:11 EDT" finished-at="2020-10-19T10:51:38 EDT">
      <class name="com.testscenarios.Rediff_Register">
        <test-method status="PASS" signature="f()[pri:0, instance:com.testscenarios.Rediff_Register@3b088d51]" name="f" duration-ms="86998" started-at="2020-10-19T10:50:11 EDT" finished-at="2020-10-19T10:51:38 EDT">
          <reporter-output>
          </reporter-output>
        </test-method> <!-- f -->
      </class> <!-- com.testscenarios.Rediff_Register -->
    </test> <!-- Default test -->
  </suite> <!-- Default suite -->
</testng-results>
